<?xml version="1.0" encoding="UTF-8"?>
<testng-results skipped="0" failed="0" ignored="0" total="3" passed="3">
  <reporter-output>
  </reporter-output>
  <suite name="Suite" duration-ms="66324" started-at="2018-08-30T11:53:01Z" finished-at="2018-08-30T11:54:07Z">
    <groups>
    </groups>
    <test name="Test" duration-ms="66324" started-at="2018-08-30T11:53:01Z" finished-at="2018-08-30T11:54:07Z">
      <class name="automation.Login">
        <test-method status="PASS" signature="beforeTest()[pri:0, instance:automation.Login@10ab905]" name="beforeTest" is-config="true" duration-ms="3137" started-at="2018-08-30T11:53:01Z" finished-at="2018-08-30T11:53:04Z">
          <reporter-output>
          </reporter-output>
        </test-method> <!-- beforeTest -->
        <test-method status="PASS" signature="Login()[pri:0, instance:automation.Login@10ab905]" name="Login" duration-ms="28243" started-at="2018-08-30T11:53:04Z" finished-at="2018-08-30T11:53:32Z">
          <reporter-output>
          </reporter-output>
        </test-method> <!-- Login -->
        <test-method status="PASS" signature="CreateBooking()[pri:1, instance:automation.Login@10ab905]" name="CreateBooking" duration-ms="26414" started-at="2018-08-30T11:53:32Z" finished-at="2018-08-30T11:53:59Z">
          <reporter-output>
          </reporter-output>
        </test-method> <!-- CreateBooking -->
        <test-method status="PASS" signature="verifyBooking()[pri:2, instance:automation.Login@10ab905]" name="verifyBooking" duration-ms="8483" started-at="2018-08-30T11:53:59Z" finished-at="2018-08-30T11:54:07Z">
          <reporter-output>
          </reporter-output>
        </test-method> <!-- verifyBooking -->
        <test-method status="PASS" signature="afterTest()[pri:0, instance:automation.Login@10ab905]" name="afterTest" is-config="true" duration-ms="0" started-at="2018-08-30T11:54:07Z" finished-at="2018-08-30T11:54:07Z">
          <reporter-output>
          </reporter-output>
        </test-method> <!-- afterTest -->
      </class> <!-- automation.Login -->
    </test> <!-- Test -->
  </suite> <!-- Suite -->
</testng-results>
